\BOOKMARK [1][-]{section.1}{\376\377\137\025\212\000}{}% 1
\BOOKMARK [2][-]{subsection.1.1}{\376\377\170\024\172\166\200\314\146\157}{section.1}% 2
\BOOKMARK [2][-]{subsection.1.2}{\376\377\116\163\201\172\166\114\122\006\133\120\122\006\127\213}{section.1}% 3
\BOOKMARK [2][-]{subsection.1.3}{\376\377\145\160\143\156\143\026\143\230\145\271\154\325\151\202\217\360}{section.1}% 4
\BOOKMARK [2][-]{subsection.1.4}{\376\377\170\024\172\166\121\205\133\271\116\016\213\272\145\207\176\323\147\204}{section.1}% 5
\BOOKMARK [1][-]{section.2}{\376\377\147\120\145\231\116\016\145\271\154\325}{}% 6
\BOOKMARK [2][-]{subsection.2.1}{\376\377\145\160\143\156\147\145\156\220}{section.2}% 7
\BOOKMARK [2][-]{subsection.2.2}{\376\377\145\160\143\156\230\204\131\004\164\006\155\101\172\013}{section.2}% 8
\BOOKMARK [3][-]{subsubsection.2.2.1}{\376\377\000T\000C\000G\000A\147\141\137\142\170\001\211\343\147\220\116\016\150\067\147\054\122\006\174\173}{subsection.2.2}% 9
\BOOKMARK [3][-]{subsubsection.2.2.2}{\376\377\117\116\210\150\217\276\127\372\126\340\217\307\156\344}{subsection.2.2}% 10
\BOOKMARK [3][-]{subsubsection.2.2.3}{\376\377\127\372\126\340\150\007\213\306\173\046\146\040\134\004}{subsection.2.2}% 11
\BOOKMARK [3][-]{subsubsection.2.2.4}{\376\377\000T\000P\000M\150\007\121\306\123\026}{subsection.2.2}% 12
\BOOKMARK [3][-]{subsubsection.2.2.5}{\376\377\116\064\136\212\145\160\143\156\156\005\155\027}{subsection.2.2}% 13
\BOOKMARK [3][-]{subsubsection.2.2.6}{\376\377\177\072\131\061\120\074\131\004\164\006}{subsection.2.2}% 14
\BOOKMARK [2][-]{subsection.2.3}{\376\377\122\006\147\220\163\257\130\203}{section.2}% 15
\BOOKMARK [1][-]{section.3}{\376\377\176\323\147\234\116\016\122\006\147\220}{}% 16
\BOOKMARK [2][-]{subsection.3.1}{\376\377\135\356\137\002\210\150\217\276\122\006\147\220}{section.3}% 17
\BOOKMARK [3][-]{subsubsection.3.1.1}{\376\377\145\271\154\325}{subsection.3.1}% 18
\BOOKMARK [3][-]{subsubsection.3.1.2}{\376\377\176\323\147\234}{subsection.3.1}% 19
\BOOKMARK [3][-]{subsubsection.3.1.3}{\376\377\122\237\200\375\133\314\226\306\122\006\147\220}{subsection.3.1}% 20
\BOOKMARK [2][-]{subsection.3.2}{\376\377\122\006\133\120\116\232\127\213\122\006\174\173}{section.3}% 21
\BOOKMARK [3][-]{subsubsection.3.2.1}{\376\377\145\271\154\325}{subsection.3.2}% 22
\BOOKMARK [3][-]{subsubsection.3.2.2}{\376\377\176\323\147\234}{subsection.3.2}% 23
\BOOKMARK [2][-]{subsection.3.3}{\376\377\200\132\174\173\122\006\147\220}{section.3}% 24
\BOOKMARK [3][-]{subsubsection.3.3.1}{\376\377\145\271\154\325}{subsection.3.3}% 25
\BOOKMARK [3][-]{subsubsection.3.3.2}{\376\377\176\323\147\234}{subsection.3.3}% 26
\BOOKMARK [2][-]{subsection.3.4}{\376\377\000W\000G\000C\000N\000A\121\161\210\150\217\276\177\121\176\334\122\006\147\220}{section.3}% 27
\BOOKMARK [3][-]{subsubsection.3.4.1}{\376\377\145\271\154\325}{subsection.3.4}% 28
\BOOKMARK [3][-]{subsubsection.3.4.2}{\376\377\176\323\147\234}{subsection.3.4}% 29
\BOOKMARK [2][-]{subsection.3.5}{\376\377\165\037\133\130\122\006\147\220}{section.3}% 30
\BOOKMARK [3][-]{subsubsection.3.5.1}{\376\377\145\271\154\325}{subsection.3.5}% 31
\BOOKMARK [3][-]{subsubsection.3.5.2}{\376\377\176\323\147\234}{subsection.3.5}% 32
\BOOKMARK [1][-]{section.4}{\376\377\123\357\211\306\123\026\122\006\147\220}{}% 33
\BOOKMARK [1][-]{section.5}{\376\377\176\323\213\272\116\016\134\125\147\033}{}% 34
\BOOKMARK [2][-]{subsection.5.1}{\376\377\116\073\211\201\123\321\163\260}{section.5}% 35
\BOOKMARK [2][-]{subsection.5.2}{\376\377\170\024\172\166\134\100\226\120\140\047}{section.5}% 36
\BOOKMARK [2][-]{subsection.5.3}{\376\377\147\052\147\145\145\271\124\021}{section.5}% 37
\BOOKMARK [1][-]{appendix.A}{\376\377\000R\116\343\170\001\226\104\137\125}{}% 38
